0 info it worked if it ends with ok
1 verbose cli [ 'C:\\Program Files\\nodejs\\\\node.exe',
1 verbose cli   'C:\\Program Files\\nodejs\\node_modules\\npm\\bin\\npm-cli.js',
1 verbose cli   'install',
1 verbose cli   '-g',
1 verbose cli   'karma.junit-reporter',
1 verbose cli   '--save-dev' ]
2 info using npm@1.3.11
3 info using node@v0.10.19
4 verbose node symlink C:\Program Files\nodejs\\node.exe
5 verbose cache add [ 'karma.junit-reporter', null ]
6 verbose cache add name=undefined spec="karma.junit-reporter" args=["karma.junit-reporter",null]
7 verbose parsed url { protocol: null,
7 verbose parsed url   slashes: null,
7 verbose parsed url   auth: null,
7 verbose parsed url   host: null,
7 verbose parsed url   port: null,
7 verbose parsed url   hostname: null,
7 verbose parsed url   hash: null,
7 verbose parsed url   search: null,
7 verbose parsed url   query: null,
7 verbose parsed url   pathname: 'karma.junit-reporter',
7 verbose parsed url   path: 'karma.junit-reporter',
7 verbose parsed url   href: 'karma.junit-reporter' }
8 silly lockFile 3d4039ae-karma-junit-reporter karma.junit-reporter
9 verbose lock karma.junit-reporter C:\Users\michael.halling\AppData\Roaming\npm-cache\3d4039ae-karma-junit-reporter.lock
10 silly lockFile 3d4039ae-karma-junit-reporter karma.junit-reporter
11 silly lockFile 3d4039ae-karma-junit-reporter karma.junit-reporter
12 verbose addNamed [ 'karma.junit-reporter', '' ]
13 verbose addNamed [ null, '*' ]
14 silly lockFile 89becc26-karma-junit-reporter karma.junit-reporter@
15 verbose lock karma.junit-reporter@ C:\Users\michael.halling\AppData\Roaming\npm-cache\89becc26-karma-junit-reporter.lock
16 silly addNameRange { name: 'karma.junit-reporter', range: '*', hasData: false }
17 verbose url raw karma.junit-reporter
18 verbose url resolving [ 'https://registry.npmjs.org/', './karma.junit-reporter' ]
19 verbose url resolved https://registry.npmjs.org/karma.junit-reporter
20 info trying registry request attempt 1 at 20:48:06
21 http GET https://registry.npmjs.org/karma.junit-reporter
22 http 404 https://registry.npmjs.org/karma.junit-reporter
23 silly registry.get cb [ 404,
23 silly registry.get   { server: 'CouchDB/1.5.0 (Erlang OTP/R15B03)',
23 silly registry.get     date: 'Mon, 16 Dec 2013 19:48:06 GMT',
23 silly registry.get     'content-type': 'application/json',
23 silly registry.get     'content-length': '52',
23 silly registry.get     'cache-control': 'must-revalidate' } ]
24 silly lockFile 89becc26-karma-junit-reporter karma.junit-reporter@
25 silly lockFile 89becc26-karma-junit-reporter karma.junit-reporter@
26 error 404 'karma.junit-reporter' is not in the npm registry.
26 error 404 You should bug the author to publish it
26 error 404
26 error 404 Note that you can also install from a
26 error 404 tarball, folder, or http url, or git url.
27 error System Windows_NT 6.2.9200
28 error command "C:\\Program Files\\nodejs\\\\node.exe" "C:\\Program Files\\nodejs\\node_modules\\npm\\bin\\npm-cli.js" "install" "-g" "karma.junit-reporter" "--save-dev"
29 error cwd C:\Users\michael.halling\Documents\github\ttangular\scripts
30 error node -v v0.10.19
31 error npm -v 1.3.11
32 error code E404
33 verbose exit [ 1, true ]
